<?xml version="1.0" encoding="UTF-8"?>
<testsuite xmlns:xsi="http://www.w3.org/2001/XMLSchema-instance" xsi:noNamespaceSchemaLocation="https://maven.apache.org/surefire/maven-surefire-plugin/xsd/surefire-test-report.xsd" version="3.0.2" name="edu.ntnu.idi.idatt2003.oving5.DeckOfCardsTest" time="0.036" tests="4" errors="0" skipped="0" failures="0">
  <properties>
[...]
</properties>
  <testcase name="testDealHandUniqueness" classname="edu.ntnu.idi.idatt2003.oving5.DeckOfCardsTest" time="0.021"/>
  <testcase name="testDealHandInvalidSize" classname="edu.ntnu.idi.idatt2003.oving5.DeckOfCardsTest" time="0.004"/>
  <testcase name="testDealHandSize" classname="edu.ntnu.idi.idatt2003.oving5.DeckOfCardsTest" time="0.002"/>
  <testcase name="testDeckSize" classname="edu.ntnu.idi.idatt2003.oving5.DeckOfCardsTest" time="0.002"/>
</testsuite>